生成启动时间为 2018/12/26 11:04:42。
     1>项目“C:\Users\Administrator\Desktop\Demo\Demo\Demo.vcxproj”在节点 2 上(build 个目标)。
     1>InitializeBuildStatus:
         正在创建“Debug\server.unsuccessfulbuild”，因为已指定“AlwaysCreate”。
       ClCompile:
         所有输出均为最新。
       Link:
         c:\Program Files (x86)\Microsoft Visual Studio 10.0\VC\bin\link.exe /ERRORREPORT:PROMPT /OUT:"C:\Users\Administrator\Desktop\Demo\Debug\server.exe" /NOLOGO kernel32.lib user32.lib gdi32.lib winspool.lib comdlg32.lib advapi32.lib shell32.lib ole32.lib oleaut32.lib uuid.lib odbc32.lib odbccp32.lib /MANIFEST /ManifestFile:"Debug\server.exe.intermediate.manifest" /MANIFESTUAC:"level='asInvoker' uiAccess='false'" /DEBUG /PDB:"C:\Users\Administrator\Desktop\Demo\Debug\server.pdb" /TLBID:1 /DYNAMICBASE /NXCOMPAT /IMPLIB:"C:\Users\Administrator\Desktop\Demo\Debug\server.lib" /MACHINE:X86 Debug\BaseData.obj
         Debug\Config.obj
         Debug\server.obj
         Debug\ServerAdminManage.obj
         Debug\ServerControl.obj
         Debug\ServerManage.obj
         Debug\ServerMassage.obj
         Debug\ServerNotice.obj
         Debug\ServerUserManage.obj
         LINK : 没有找到 C:\Users\Administrator\Desktop\Demo\Debug\server.exe 或上一个增量链接没有生成它；正在执行完全链接
         Demo.vcxproj -> C:\Users\Administrator\Desktop\Demo\Debug\server.exe
       Manifest:
         c:\Program Files (x86)\Microsoft SDKs\Windows\v7.0A\bin\mt.exe /nologo /verbose /outputresource:"C:\Users\Administrator\Desktop\Demo\Debug\server.exe;#1" /manifest Debug\server.exe.intermediate.manifest
       FinalizeBuildStatus:
         正在删除文件“Debug\server.unsuccessfulbuild”。
         正在对“Debug\server.lastbuildstate”执行 Touch 任务。
     1>已完成生成项目“C:\Users\Administrator\Desktop\Demo\Demo\Demo.vcxproj”(build 个目标)的操作。

生成成功。

已用时间 00:00:00.60
